Running experiment with karate.txt
Experiment with karate.txt completed.
Running experiment with dblp.txt
Experiment with dblp.txt completed.
Running experiment with amazon.txt
Experiment with amazon.txt completed.
Running experiment with youtube.txt
Experiment with youtube.txt completed.
Running experiment with road-roadNet-CA.mtx
Experiment with road-roadNet-CA.mtx completed.
Running experiment with loc-Gowalla.mtx
Experiment with loc-Gowalla.mtx completed.
Running experiment with Slashdot0811-OK.mtx
Experiment with Slashdot0811-OK.mtx completed.
Running experiment with soc-flickr.mtx
Experiment with soc-flickr.mtx completed.
Running experiment with web-BerkStan-OK.mtx
Experiment with web-BerkStan-OK.mtx completed.
Running experiment with web-sk-2005.mtx
Experiment with web-sk-2005.mtx completed.
Running experiment with web-Stanford.mtx
Experiment with web-Stanford.mtx completed.
All experiments completed.
