Running experiment with karate.txt
Experiment with karate.txt completed.
Running experiment with dblp.txt
Experiment with dblp.txt completed.
Running experiment with amazon.txt
Experiment with amazon.txt completed.
Running experiment with youtube.txt
Experiment with youtube.txt completed.
All experiments completed.
Running experiment with karate.txt
Experiment with karate.txt completed.
Running experiment with dblp.txt
Experiment with dblp.txt completed.
Running experiment with amazon.txt
Experiment with amazon.txt completed.
Running experiment with youtube.txt
Experiment with youtube.txt completed.
All experiments completed.
Running experiment with karate.txt
Experiment with karate.txt completed.
Running experiment with dblp.txt
Experiment with dblp.txt completed.
Running experiment with amazon.txt
Experiment with amazon.txt completed.
Running experiment with youtube.txt
Experiment with youtube.txt completed.
All experiments completed.
exeName = ./a
datasetPath = ../dataset/web-sk-2005.mtx
Success : Build AdjList
==============================
dataset = ../dataset/web-sk-2005.mtx
nodeNum = 121422
edgeNum = 334419
degreeOneNum = 48336
graph start with 1
==============================
==============================
CreateCSR...
csr->csrVSize = 121424
csr->csrESize = 668838
csr->degreeOneNum = 48336
csr->startAtZero = 0
csr->maxDegree = 590
[Success] CreateCSR finish
==============================
==============================
D1 Folding...Finished.
D1 node count       (|D1|)              =    66431
Hub node Count      (|Hub|)             =     6382
Ordinary node Count (|V| - |D1|)        =    54991
==============================
==============================
AP Copy and Split... Finished.
apCount         =     2855
compCount       =     2406
maxCompSize     =     1631
endNodeID       =   123158
==============================
[AP_Copy_And_Split OK]
[rebuildGraph OK]
[Check point 1]
compID = 0
compID = 1
compID = 2
compID = 3
compID = 4
compID = 5
compID = 6
compID = 7
compID = 8
compID = 9
compID = 10
compID = 11
compID = 12
compID = 13
compID = 14
compID = 15
compID = 16
compID = 17
compID = 18
compID = 19
compID = 20
compID = 21
compID = 22
compID = 23
compID = 24
compID = 25
compID = 26
compID = 27
compID = 28
compID = 29
compID = 30
compID = 31
compID = 32
compID = 33
compID = 34
compID = 35
compID = 36
compID = 37
compID = 38
compID = 39
compID = 40
compID = 41
compID = 42
compID = 43
compID = 44
compID = 45
compID = 46
compID = 47
compID = 48
compID = 49
compID = 50
compID = 51
compID = 52
compID = 53
compID = 54
compID = 55
compID = 56
compID = 57
compID = 58
compID = 59
compID = 60
compID = 61
compID = 62
compID = 63
compID = 64
compID = 65
compID = 66
compID = 67
compID = 68
compID = 69
compID = 70
compID = 71
compID = 72
compID = 73
compID = 74
compID = 75
compID = 76
compID = 77
compID = 78
compID = 79
compID = 80
compID = 81
compID = 82
compID = 83
compID = 84
compID = 85
compID = 86
compID = 87
compID = 88
compID = 89
compID = 90
compID = 91
compID = 92
compID = 93
compID = 94
compID = 95
compID = 96
compID = 97
compID = 98
compID = 99
compID = 100
compID = 101
compID = 102
compID = 103
compID = 104
compID = 105
compID = 106
compID = 107
compID = 108
compID = 109
compID = 110
compID = 111
compID = 112
compID = 113
compID = 114
compID = 115
compID = 116
compID = 117
compID = 118
compID = 119
compID = 120
compID = 121
compID = 122
compID = 123
compID = 124
compID = 125
compID = 126
compID = 127
compID = 128
compID = 129
compID = 130
compID = 131
compID = 132
compID = 133
compID = 134
compID = 135
compID = 136
compID = 137
compID = 138
compID = 139
compID = 140
compID = 141
compID = 142
compID = 143
compID = 144
compID = 145
compID = 146
compID = 147
compID = 148
compID = 149
compID = 150
compID = 151
compID = 152
compID = 153
compID = 154
compID = 155
compID = 156
compID = 157
compID = 158
compID = 159
compID = 160
compID = 161
compID = 162
compID = 163
compID = 164
compID = 165
compID = 166
compID = 167
compID = 168
compID = 169
compID = 170
compID = 171
compID = 172
compID = 173
compID = 174
compID = 175
compID = 176
compID = 177
compID = 178
compID = 179
compID = 180
compID = 181
compID = 182
compID = 183
compID = 184
compID = 185
compID = 186
compID = 187
compID = 188
compID = 189
compID = 190
compID = 191
compID = 192
compID = 193
compID = 194
compID = 195
compID = 196
compID = 197
compID = 198
compID = 199
compID = 200
compID = 201
compID = 202
compID = 203
compID = 204
compID = 205
compID = 206
compID = 207
compID = 208
compID = 209
compID = 210
compID = 211
compID = 212
compID = 213
compID = 214
compID = 215
compID = 216
compID = 217
compID = 218
compID = 219
compID = 220
compID = 221
compID = 222
compID = 223
compID = 224
compID = 225
compID = 226
compID = 227
compID = 228
compID = 229
compID = 230
compID = 231
compID = 232
compID = 233
compID = 234
compID = 235
compID = 236
compID = 237
compID = 238
compID = 239
compID = 240
compID = 241
compID = 242
compID = 243
compID = 244
compID = 245
compID = 246
compID = 247
compID = 248
compID = 249
compID = 250
compID = 251
compID = 252
compID = 253
compID = 254
compID = 255
compID = 256
compID = 257
compID = 258
compID = 259
compID = 260
compID = 261
compID = 262
compID = 263
compID = 264
compID = 265
compID = 266
compID = 267
compID = 268
compID = 269
compID = 270
compID = 271
compID = 272
compID = 273
compID = 274
compID = 275
compID = 276
compID = 277
compID = 278
compID = 279
compID = 280
compID = 281
compID = 282
compID = 283
compID = 284
compID = 285
compID = 286
compID = 287
compID = 288
compID = 289
compID = 290
compID = 291
compID = 292
compID = 293
compID = 294
compID = 295
compID = 296
compID = 297
compID = 298
compID = 299
compID = 300
compID = 301
compID = 302
compID = 303
compID = 304
compID = 305
compID = 306
compID = 307
compID = 308
compID = 309
compID = 310
compID = 311
compID = 312
compID = 313
compID = 314
compID = 315
compID = 316
compID = 317
compID = 318
compID = 319
compID = 320
compID = 321
compID = 322
compID = 323
compID = 324
compID = 325
compID = 326
compID = 327
compID = 328
compID = 329
compID = 330
compID = 331
compID = 332
compID = 333
compID = 334
compID = 335
compID = 336
compID = 337
compID = 338
compID = 339
compID = 340
compID = 341
compID = 342
compID = 343
compID = 344
compID = 345
compID = 346
compID = 347
compID = 348
compID = 349
compID = 350
compID = 351
compID = 352
compID = 353
compID = 354
compID = 355
compID = 356
compID = 357
compID = 358
compID = 359
compID = 360
compID = 361
compID = 362
compID = 363
compID = 364
compID = 365
compID = 366
compID = 367
compID = 368
compID = 369
compID = 370
compID = 371
compID = 372
compID = 373
compID = 374
compID = 375
compID = 376
compID = 377
compID = 378
compID = 379
compID = 380
compID = 381
compID = 382
compID = 383
compID = 384
compID = 385
compID = 386
compID = 387
compID = 388
compID = 389
compID = 390
compID = 391
compID = 392
compID = 393
compID = 394
compID = 395
compID = 396
compID = 397
compID = 398
compID = 399
compID = 400
compID = 401
compID = 402
compID = 403
compID = 404
compID = 405
compID = 406
compID = 407
compID = 408
compID = 409
compID = 410
compID = 411
compID = 412
compID = 413
compID = 414
compID = 415
compID = 416
compID = 417
compID = 418
compID = 419
compID = 420
compID = 421
compID = 422
compID = 423
compID = 424
compID = 425
compID = 426
compID = 427
compID = 428
compID = 429
compID = 430
compID = 431
compID = 432
compID = 433
compID = 434
compID = 435
compID = 436
compID = 437
compID = 438
compID = 439
compID = 440
compID = 441
compID = 442
compID = 443
compID = 444
compID = 445
compID = 446
compID = 447
compID = 448
compID = 449
compID = 450
compID = 451
compID = 452
compID = 453
compID = 454
compID = 455
compID = 456
compID = 457
compID = 458
compID = 459
compID = 460
compID = 461
compID = 462
compID = 463
compID = 464
compID = 465
compID = 466
compID = 467
compID = 468
compID = 469
compID = 470
compID = 471
compID = 472
compID = 473
compID = 474
compID = 475
compID = 476
compID = 477
compID = 478
compID = 479
compID = 480
compID = 481
compID = 482
compID = 483
compID = 484
compID = 485
compID = 486
compID = 487
compID = 488
compID = 489
compID = 490
compID = 491
compID = 492
compID = 493
compID = 494
compID = 495
compID = 496
compID = 497
compID = 498
compID = 499
compID = 500
compID = 501
compID = 502
compID = 503
compID = 504
compID = 505
compID = 506
compID = 507
compID = 508
compID = 509
compID = 510
compID = 511
compID = 512
compID = 513
compID = 514
compID = 515
compID = 516
compID = 517
compID = 518
compID = 519
compID = 520
compID = 521
compID = 522
compID = 523
compID = 524
compID = 525
compID = 526
compID = 527
compID = 528
compID = 529
compID = 530
compID = 531
compID = 532
compID = 533
compID = 534
compID = 535
compID = 536
compID = 537
compID = 538
compID = 539
compID = 540
compID = 541
compID = 542
compID = 543
compID = 544
compID = 545
compID = 546
compID = 547
compID = 548
compID = 549
compID = 550
compID = 551
compID = 552
compID = 553
compID = 554
compID = 555
compID = 556
compID = 557
compID = 558
compID = 559
compID = 560
compID = 561
compID = 562
compID = 563
compID = 564
compID = 565
compID = 566
compID = 567
compID = 568
compID = 569
compID = 570
compID = 571
compID = 572
compID = 573
compID = 574
compID = 575
compID = 576
compID = 577
compID = 578
compID = 579
compID = 580
compID = 581
compID = 582
compID = 583
compID = 584
compID = 585
compID = 586
compID = 587
compID = 588
compID = 589
compID = 590
compID = 591
compID = 592
compID = 593
compID = 594
compID = 595
compID = 596
compID = 597
compID = 598
compID = 599
compID = 600
compID = 601
compID = 602
compID = 603
compID = 604
compID = 605
compID = 606
compID = 607
compID = 608
compID = 609
compID = 610
compID = 611
compID = 612
compID = 613
compID = 614
compID = 615
compID = 616
compID = 617
compID = 618
compID = 619
compID = 620
compID = 621
compID = 622
compID = 623
compID = 624
compID = 625
compID = 626
compID = 627
compID = 628
compID = 629
compID = 630
compID = 631
compID = 632
compID = 633
compID = 634
compID = 635
compID = 636
compID = 637
compID = 638
compID = 639
compID = 640
compID = 641
compID = 642
compID = 643
compID = 644
compID = 645
compID = 646
compID = 647
compID = 648
compID = 649
compID = 650
compID = 651
compID = 652
compID = 653
compID = 654
compID = 655
compID = 656
compID = 657
compID = 658
compID = 659
compID = 660
compID = 661
compID = 662
compID = 663
compID = 664
compID = 665
compID = 666
compID = 667
compID = 668
compID = 669
compID = 670
compID = 671
compID = 672
compID = 673
compID = 674
compID = 675
compID = 676
compID = 677
compID = 678
compID = 679
compID = 680
compID = 681
compID = 682
compID = 683
compID = 684
compID = 685
compID = 686
compID = 687
compID = 688
compID = 689
compID = 690
compID = 691
compID = 692
compID = 693
compID = 694
compID = 695
compID = 696
compID = 697
compID = 698
compID = 699
compID = 700
compID = 701
compID = 702
compID = 703
compID = 704
compID = 705
compID = 706
compID = 707
compID = 708
compID = 709
compID = 710
compID = 711
compID = 712
compID = 713
compID = 714
compID = 715
compID = 716
compID = 717
compID = 718
compID = 719
compID = 720
compID = 721
compID = 722
compID = 723
compID = 724
compID = 725
compID = 726
compID = 727
compID = 728
compID = 729
compID = 730
compID = 731
compID = 732
compID = 733
compID = 734
compID = 735
compID = 736
compID = 737
compID = 738
compID = 739
compID = 740
compID = 741
compID = 742
compID = 743
compID = 744
compID = 745
compID = 746
compID = 747
compID = 748
compID = 749
compID = 750
compID = 751
compID = 752
compID = 753
compID = 754
compID = 755
compID = 756
compID = 757
compID = 758
compID = 759
compID = 760
compID = 761
compID = 762
compID = 763
compID = 764
compID = 765
compID = 766
compID = 767
compID = 768
compID = 769
compID = 770
compID = 771
compID = 772
compID = 773
compID = 774
compID = 775
compID = 776
compID = 777
compID = 778
compID = 779
compID = 780
compID = 781
compID = 782
compID = 783
compID = 784
compID = 785
compID = 786
compID = 787
compID = 788
compID = 789
compID = 790
compID = 791
compID = 792
compID = 793
compID = 794
compID = 795
compID = 796
compID = 797
compID = 798
compID = 799
compID = 800
compID = 801
compID = 802
compID = 803
compID = 804
compID = 805
compID = 806
compID = 807
compID = 808
compID = 809
compID = 810
compID = 811
compID = 812
compID = 813
compID = 814
compID = 815
compID = 816
compID = 817
compID = 818
compID = 819
compID = 820
compID = 821
compID = 822
compID = 823
compID = 824
compID = 825
compID = 826
compID = 827
compID = 828
compID = 829
compID = 830
compID = 831
compID = 832
compID = 833
compID = 834
compID = 835
compID = 836
compID = 837
compID = 838
compID = 839
compID = 840
compID = 841
compID = 842
compID = 843
compID = 844
compID = 845
compID = 846
compID = 847
compID = 848
compID = 849
compID = 850
compID = 851
compID = 852
compID = 853
compID = 854
compID = 855
compID = 856
compID = 857
compID = 858
compID = 859
compID = 860
compID = 861
compID = 862
compID = 863
compID = 864
compID = 865
compID = 866
compID = 867
compID = 868
compID = 869
compID = 870
compID = 871
compID = 872
compID = 873
compID = 874
compID = 875
compID = 876
compID = 877
compID = 878
compID = 879
compID = 880
compID = 881
compID = 882
compID = 883
compID = 884
compID = 885
compID = 886
compID = 887
compID = 888
compID = 889
compID = 890
compID = 891
compID = 892
compID = 893
compID = 894
compID = 895
compID = 896
compID = 897
compID = 898
compID = 899
compID = 900
compID = 901
compID = 902
compID = 903
compID = 904
compID = 905
compID = 906
compID = 907
compID = 908
compID = 909
compID = 910
compID = 911
compID = 912
compID = 913
compID = 914
compID = 915
compID = 916
compID = 917
compID = 918
compID = 919
compID = 920
compID = 921
compID = 922
compID = 923
compID = 924
compID = 925
compID = 926
compID = 927
compID = 928
compID = 929
compID = 930
compID = 931
compID = 932
compID = 933
compID = 934
compID = 935
compID = 936
compID = 937
compID = 938
compID = 939
compID = 940
compID = 941
compID = 942
compID = 943
compID = 944
compID = 945
compID = 946
compID = 947
compID = 948
compID = 949
compID = 950
compID = 951
compID = 952
compID = 953
compID = 954
compID = 955
compID = 956
compID = 957
compID = 958
compID = 959
compID = 960
compID = 961
compID = 962
compID = 963
compID = 964
compID = 965
compID = 966
compID = 967
compID = 968
compID = 969
compID = 970
compID = 971
compID = 972
compID = 973
compID = 974
compID = 975
compID = 976
compID = 977
compID = 978
compID = 979
compID = 980
compID = 981
compID = 982
compID = 983
compID = 984
compID = 985
compID = 986
compID = 987
compID = 988
compID = 989
compID = 990
compID = 991
compID = 992
compID = 993
compID = 994
compID = 995
compID = 996
compID = 997
compID = 998
compID = 999
compID = 1000
compID = 1001
compID = 1002
compID = 1003
compID = 1004
compID = 1005
compID = 1006
compID = 1007
compID = 1008
compID = 1009
compID = 1010
compID = 1011
compID = 1012
compID = 1013
compID = 1014
compID = 1015
compID = 1016
compID = 1017
compID = 1018
compID = 1019
compID = 1020
compID = 1021
compID = 1022
compID = 1023
compID = 1024
compID = 1025
compID = 1026
compID = 1027
compID = 1028
compID = 1029
compID = 1030
compID = 1031
compID = 1032
compID = 1033
compID = 1034
compID = 1035
compID = 1036
compID = 1037
compID = 1038
compID = 1039
compID = 1040
compID = 1041
compID = 1042
compID = 1043
compID = 1044
compID = 1045
compID = 1046
compID = 1047
compID = 1048
compID = 1049
compID = 1050
compID = 1051
compID = 1052
compID = 1053
compID = 1054
compID = 1055
compID = 1056
compID = 1057
compID = 1058
compID = 1059
compID = 1060
compID = 1061
compID = 1062
compID = 1063
compID = 1064
compID = 1065
compID = 1066
compID = 1067
compID = 1068
compID = 1069
compID = 1070
compID = 1071
compID = 1072
compID = 1073
compID = 1074
compID = 1075
compID = 1076
compID = 1077
compID = 1078
compID = 1079
compID = 1080
compID = 1081
compID = 1082
compID = 1083
compID = 1084
compID = 1085
compID = 1086
compID = 1087
compID = 1088
compID = 1089
compID = 1090
compID = 1091
compID = 1092
compID = 1093
compID = 1094
compID = 1095
compID = 1096
compID = 1097
compID = 1098
compID = 1099
compID = 1100
compID = 1101
compID = 1102
compID = 1103
compID = 1104
compID = 1105
compID = 1106
compID = 1107
compID = 1108
compID = 1109
compID = 1110
compID = 1111
compID = 1112
compID = 1113
compID = 1114
compID = 1115
compID = 1116
compID = 1117
compID = 1118
compID = 1119
compID = 1120
compID = 1121
compID = 1122
compID = 1123
compID = 1124
compID = 1125
compID = 1126
compID = 1127
compID = 1128
compID = 1129
compID = 1130
compID = 1131
compID = 1132
compID = 1133
compID = 1134
compID = 1135
compID = 1136
compID = 1137
compID = 1138
compID = 1139
compID = 1140
compID = 1141
compID = 1142
compID = 1143
compID = 1144
compID = 1145
compID = 1146
compID = 1147
compID = 1148
compID = 1149
compID = 1150
compID = 1151
compID = 1152
compID = 1153
compID = 1154
compID = 1155
compID = 1156
compID = 1157
compID = 1158
compID = 1159
compID = 1160
compID = 1161
compID = 1162
compID = 1163
compID = 1164
compID = 1165
compID = 1166
compID = 1167
compID = 1168
compID = 1169
compID = 1170
compID = 1171
compID = 1172
compID = 1173
compID = 1174
compID = 1175
compID = 1176
compID = 1177
compID = 1178
compID = 1179
compID = 1180
compID = 1181
compID = 1182
compID = 1183
compID = 1184
compID = 1185
compID = 1186
compID = 1187
compID = 1188
compID = 1189
compID = 1190
compID = 1191
compID = 1192
compID = 1193
compID = 1194
compID = 1195
compID = 1196
compID = 1197
compID = 1198
compID = 1199
compID = 1200
compID = 1201
compID = 1202
compID = 1203
compID = 1204
compID = 1205
compID = 1206
compID = 1207
compID = 1208
compID = 1209
compID = 1210
compID = 1211
compID = 1212
compID = 1213
compID = 1214
compID = 1215
compID = 1216
compID = 1217
compID = 1218
compID = 1219
compID = 1220
compID = 1221
compID = 1222
compID = 1223
compID = 1224
compID = 1225
compID = 1226
compID = 1227
compID = 1228
compID = 1229
compID = 1230
compID = 1231
compID = 1232
compID = 1233
compID = 1234
compID = 1235
compID = 1236
compID = 1237
compID = 1238
compID = 1239
compID = 1240
compID = 1241
compID = 1242
compID = 1243
compID = 1244
compID = 1245
compID = 1246
compID = 1247
compID = 1248
compID = 1249
compID = 1250
compID = 1251
compID = 1252
compID = 1253
compID = 1254
compID = 1255
compID = 1256
compID = 1257
compID = 1258
compID = 1259
compID = 1260
compID = 1261
compID = 1262
compID = 1263
compID = 1264
compID = 1265
compID = 1266
compID = 1267
compID = 1268
compID = 1269
compID = 1270
compID = 1271
compID = 1272
compID = 1273
compID = 1274
compID = 1275
compID = 1276
compID = 1277
compID = 1278
compID = 1279
compID = 1280
compID = 1281
compID = 1282
compID = 1283
compID = 1284
compID = 1285
compID = 1286
compID = 1287
compID = 1288
compID = 1289
compID = 1290
compID = 1291
compID = 1292
compID = 1293
compID = 1294
compID = 1295
compID = 1296
compID = 1297
compID = 1298
compID = 1299
compID = 1300
compID = 1301
compID = 1302
compID = 1303
compID = 1304
compID = 1305
compID = 1306
compID = 1307
compID = 1308
compID = 1309
compID = 1310
compID = 1311
compID = 1312
compID = 1313
compID = 1314
compID = 1315
compID = 1316
compID = 1317
compID = 1318
compID = 1319
compID = 1320
compID = 1321
compID = 1322
compID = 1323
compID = 1324
compID = 1325
compID = 1326
compID = 1327
compID = 1328
compID = 1329
compID = 1330
compID = 1331
compID = 1332
compID = 1333
compID = 1334
compID = 1335
compID = 1336
compID = 1337
compID = 1338
compID = 1339
compID = 1340
compID = 1341
compID = 1342
compID = 1343
compID = 1344
compID = 1345
compID = 1346
compID = 1347
compID = 1348
compID = 1349
compID = 1350
compID = 1351
compID = 1352
compID = 1353
compID = 1354
compID = 1355
compID = 1356
compID = 1357
compID = 1358
compID = 1359
compID = 1360
compID = 1361
compID = 1362
compID = 1363
compID = 1364
compID = 1365
compID = 1366
compID = 1367
compID = 1368
compID = 1369
compID = 1370
compID = 1371
compID = 1372
compID = 1373
compID = 1374
compID = 1375
compID = 1376
compID = 1377
compID = 1378
compID = 1379
compID = 1380
compID = 1381
compID = 1382
compID = 1383
compID = 1384
compID = 1385
compID = 1386
compID = 1387
compID = 1388
compID = 1389
compID = 1390
compID = 1391
compID = 1392
compID = 1393
compID = 1394
compID = 1395
compID = 1396
compID = 1397
compID = 1398
compID = 1399
compID = 1400
compID = 1401
compID = 1402
compID = 1403
compID = 1404
compID = 1405
compID = 1406
compID = 1407
compID = 1408
compID = 1409
compID = 1410
compID = 1411
compID = 1412
compID = 1413
compID = 1414
compID = 1415
compID = 1416
compID = 1417
compID = 1418
compID = 1419
compID = 1420
compID = 1421
compID = 1422
compID = 1423
compID = 1424
compID = 1425
compID = 1426
compID = 1427
compID = 1428
compID = 1429
compID = 1430
compID = 1431
compID = 1432
compID = 1433
compID = 1434
compID = 1435
compID = 1436
compID = 1437
compID = 1438
compID = 1439
compID = 1440
compID = 1441
compID = 1442
compID = 1443
compID = 1444
compID = 1445
compID = 1446
compID = 1447
compID = 1448
compID = 1449
compID = 1450
compID = 1451
compID = 1452
compID = 1453
compID = 1454
compID = 1455
compID = 1456
compID = 1457
compID = 1458
compID = 1459
compID = 1460
compID = 1461
compID = 1462
compID = 1463
compID = 1464
compID = 1465
compID = 1466
compID = 1467
compID = 1468
compID = 1469
compID = 1470
compID = 1471
compID = 1472
compID = 1473
compID = 1474
compID = 1475
compID = 1476
compID = 1477
compID = 1478
compID = 1479
compID = 1480
compID = 1481
compID = 1482
compID = 1483
compID = 1484
compID = 1485
compID = 1486
compID = 1487
compID = 1488
compID = 1489
compID = 1490
compID = 1491
compID = 1492
compID = 1493
compID = 1494
compID = 1495
compID = 1496
compID = 1497
compID = 1498
compID = 1499
compID = 1500
compID = 1501
compID = 1502
compID = 1503
compID = 1504
compID = 1505
compID = 1506
compID = 1507
compID = 1508
compID = 1509
compID = 1510
compID = 1511
compID = 1512
compID = 1513
compID = 1514
compID = 1515
compID = 1516
compID = 1517
compID = 1518
compID = 1519
compID = 1520
compID = 1521
compID = 1522
compID = 1523
compID = 1524
compID = 1525
compID = 1526
compID = 1527
compID = 1528
compID = 1529
compID = 1530
compID = 1531
compID = 1532
compID = 1533
compID = 1534
compID = 1535
compID = 1536
compID = 1537
compID = 1538
compID = 1539
compID = 1540
compID = 1541
compID = 1542
compID = 1543
compID = 1544
compID = 1545
compID = 1546
compID = 1547
compID = 1548
compID = 1549
compID = 1550
compID = 1551
compID = 1552
compID = 1553
compID = 1554
compID = 1555
compID = 1556
compID = 1557
compID = 1558
compID = 1559
compID = 1560
compID = 1561
compID = 1562
compID = 1563
compID = 1564
compID = 1565
compID = 1566
compID = 1567
compID = 1568
compID = 1569
compID = 1570
compID = 1571
compID = 1572
compID = 1573
compID = 1574
compID = 1575
compID = 1576
compID = 1577
compID = 1578
compID = 1579
compID = 1580
compID = 1581
compID = 1582
compID = 1583
compID = 1584
compID = 1585
compID = 1586
compID = 1587
compID = 1588
compID = 1589
compID = 1590
compID = 1591
compID = 1592
compID = 1593
compID = 1594
compID = 1595
compID = 1596
compID = 1597
compID = 1598
compID = 1599
compID = 1600
compID = 1601
compID = 1602
compID = 1603
compID = 1604
compID = 1605
compID = 1606
compID = 1607
compID = 1608
compID = 1609
compID = 1610
compID = 1611
compID = 1612
compID = 1613
compID = 1614
compID = 1615
compID = 1616
compID = 1617
compID = 1618
compID = 1619
compID = 1620
compID = 1621
compID = 1622
compID = 1623
compID = 1624
compID = 1625
compID = 1626
compID = 1627
compID = 1628
compID = 1629
compID = 1630
compID = 1631
compID = 1632
compID = 1633
compID = 1634
compID = 1635
compID = 1636
compID = 1637
compID = 1638
compID = 1639
compID = 1640
compID = 1641
compID = 1642
compID = 1643
compID = 1644
compID = 1645
compID = 1646
compID = 1647
compID = 1648
compID = 1649
compID = 1650
compID = 1651
compID = 1652
compID = 1653
compID = 1654
compID = 1655
compID = 1656
compID = 1657
compID = 1658
compID = 1659
compID = 1660
compID = 1661
compID = 1662
compID = 1663
compID = 1664
compID = 1665
compID = 1666
compID = 1667
compID = 1668
compID = 1669
compID = 1670
compID = 1671
compID = 1672
compID = 1673
compID = 1674
compID = 1675
compID = 1676
compID = 1677
compID = 1678
compID = 1679
compID = 1680
compID = 1681
compID = 1682
compID = 1683
compID = 1684
compID = 1685
compID = 1686
compID = 1687
compID = 1688
compID = 1689
compID = 1690
compID = 1691
compID = 1692
compID = 1693
compID = 1694
compID = 1695
compID = 1696
compID = 1697
compID = 1698
compID = 1699
compID = 1700
compID = 1701
compID = 1702
compID = 1703
compID = 1704
compID = 1705
compID = 1706
compID = 1707
compID = 1708
compID = 1709
compID = 1710
compID = 1711
compID = 1712
compID = 1713
compID = 1714
compID = 1715
compID = 1716
compID = 1717
compID = 1718
compID = 1719
compID = 1720
compID = 1721
compID = 1722
compID = 1723
compID = 1724
compID = 1725
compID = 1726
compID = 1727
compID = 1728
compID = 1729
compID = 1730
compID = 1731
compID = 1732
compID = 1733
compID = 1734
compID = 1735
compID = 1736
compID = 1737
compID = 1738
compID = 1739
compID = 1740
compID = 1741
compID = 1742
compID = 1743
compID = 1744
compID = 1745
compID = 1746
compID = 1747
compID = 1748
compID = 1749
compID = 1750
compID = 1751
compID = 1752
compID = 1753
compID = 1754
compID = 1755
compID = 1756
compID = 1757
compID = 1758
compID = 1759
compID = 1760
compID = 1761
compID = 1762
compID = 1763
compID = 1764
compID = 1765
compID = 1766
compID = 1767
compID = 1768
compID = 1769
compID = 1770
compID = 1771
compID = 1772
compID = 1773
compID = 1774
compID = 1775
compID = 1776
compID = 1777
compID = 1778
compID = 1779
compID = 1780
compID = 1781
compID = 1782
compID = 1783
compID = 1784
compID = 1785
compID = 1786
compID = 1787
compID = 1788
compID = 1789
compID = 1790
compID = 1791
compID = 1792
compID = 1793
compID = 1794
compID = 1795
compID = 1796
compID = 1797
compID = 1798
compID = 1799
compID = 1800
compID = 1801
compID = 1802
compID = 1803
compID = 1804
compID = 1805
compID = 1806
compID = 1807
compID = 1808
compID = 1809
compID = 1810
compID = 1811
compID = 1812
compID = 1813
compID = 1814
compID = 1815
compID = 1816
compID = 1817
compID = 1818
compID = 1819
compID = 1820
compID = 1821
compID = 1822
compID = 1823
compID = 1824
compID = 1825
compID = 1826
compID = 1827
compID = 1828
compID = 1829
compID = 1830
compID = 1831
compID = 1832
compID = 1833
compID = 1834
compID = 1835
compID = 1836
compID = 1837
compID = 1838
compID = 1839
compID = 1840
compID = 1841
compID = 1842
compID = 1843
compID = 1844
compID = 1845
compID = 1846
compID = 1847
compID = 1848
compID = 1849
compID = 1850
compID = 1851
compID = 1852
compID = 1853
compID = 1854
compID = 1855
compID = 1856
compID = 1857
compID = 1858
compID = 1859
compID = 1860
compID = 1861
compID = 1862
compID = 1863
compID = 1864
compID = 1865
compID = 1866
compID = 1867
compID = 1868
compID = 1869
compID = 1870
compID = 1871
compID = 1872
compID = 1873
compID = 1874
compID = 1875
compID = 1876
compID = 1877
compID = 1878
compID = 1879
compID = 1880
compID = 1881
compID = 1882
compID = 1883
compID = 1884
compID = 1885
compID = 1886
compID = 1887
compID = 1888
compID = 1889
compID = 1890
compID = 1891
compID = 1892
compID = 1893
compID = 1894
compID = 1895
compID = 1896
compID = 1897
compID = 1898
compID = 1899
compID = 1900
compID = 1901
compID = 1902
compID = 1903
compID = 1904
compID = 1905
compID = 1906
compID = 1907
compID = 1908
compID = 1909
compID = 1910
compID = 1911
compID = 1912
compID = 1913
compID = 1914
compID = 1915
compID = 1916
compID = 1917
compID = 1918
compID = 1919
compID = 1920
compID = 1921
compID = 1922
compID = 1923
compID = 1924
compID = 1925
compID = 1926
compID = 1927
compID = 1928
compID = 1929
compID = 1930
compID = 1931
compID = 1932
compID = 1933
compID = 1934
compID = 1935
compID = 1936
compID = 1937
compID = 1938
compID = 1939
compID = 1940
compID = 1941
compID = 1942
compID = 1943
compID = 1944
compID = 1945
compID = 1946
compID = 1947
compID = 1948
compID = 1949
compID = 1950
compID = 1951
compID = 1952
compID = 1953
compID = 1954
compID = 1955
compID = 1956
compID = 1957
compID = 1958
compID = 1959
compID = 1960
compID = 1961
compID = 1962
compID = 1963
compID = 1964
compID = 1965
compID = 1966
compID = 1967
compID = 1968
compID = 1969
compID = 1970
compID = 1971
compID = 1972
compID = 1973
compID = 1974
compID = 1975
compID = 1976
compID = 1977
compID = 1978
compID = 1979
compID = 1980
compID = 1981
compID = 1982
compID = 1983
compID = 1984
compID = 1985
compID = 1986
compID = 1987
compID = 1988
compID = 1989
compID = 1990
compID = 1991
compID = 1992
compID = 1993
compID = 1994
compID = 1995
compID = 1996
compID = 1997
compID = 1998
compID = 1999
compID = 2000
compID = 2001
compID = 2002
compID = 2003
compID = 2004
compID = 2005
compID = 2006
compID = 2007
compID = 2008
compID = 2009
compID = 2010
compID = 2011
compID = 2012
compID = 2013
compID = 2014
compID = 2015
compID = 2016
compID = 2017
compID = 2018
compID = 2019
compID = 2020
compID = 2021
compID = 2022
compID = 2023
compID = 2024
compID = 2025
compID = 2026
compID = 2027
compID = 2028
compID = 2029
compID = 2030
compID = 2031
compID = 2032
compID = 2033
compID = 2034
compID = 2035
compID = 2036
compID = 2037
compID = 2038
compID = 2039
compID = 2040
compID = 2041
compID = 2042
compID = 2043
compID = 2044
compID = 2045
compID = 2046
compID = 2047
compID = 2048
compID = 2049
compID = 2050
compID = 2051
compID = 2052
compID = 2053
compID = 2054
compID = 2055
compID = 2056
compID = 2057
compID = 2058
compID = 2059
compID = 2060
compID = 2061
compID = 2062
compID = 2063
compID = 2064
compID = 2065
compID = 2066
compID = 2067
compID = 2068
compID = 2069
compID = 2070
compID = 2071
compID = 2072
compID = 2073
compID = 2074
compID = 2075
compID = 2076
compID = 2077
compID = 2078
compID = 2079
compID = 2080
compID = 2081
compID = 2082
compID = 2083
compID = 2084
compID = 2085
compID = 2086
compID = 2087
compID = 2088
compID = 2089
compID = 2090
compID = 2091
compID = 2092
compID = 2093
compID = 2094
compID = 2095
compID = 2096
compID = 2097
compID = 2098
compID = 2099
compID = 2100
compID = 2101
compID = 2102
compID = 2103
compID = 2104
compID = 2105
compID = 2106
compID = 2107
compID = 2108
compID = 2109
compID = 2110
compID = 2111
compID = 2112
compID = 2113
compID = 2114
compID = 2115
compID = 2116
compID = 2117
compID = 2118
compID = 2119
compID = 2120
compID = 2121
compID = 2122
compID = 2123
compID = 2124
compID = 2125
compID = 2126
compID = 2127
compID = 2128
compID = 2129
compID = 2130
compID = 2131
compID = 2132
compID = 2133
compID = 2134
compID = 2135
compID = 2136
compID = 2137
compID = 2138
compID = 2139
compID = 2140
compID = 2141
compID = 2142
compID = 2143
compID = 2144
compID = 2145
compID = 2146
compID = 2147
compID = 2148
compID = 2149
compID = 2150
compID = 2151
compID = 2152
compID = 2153
compID = 2154
compID = 2155
compID = 2156
compID = 2157
compID = 2158
compID = 2159
compID = 2160
compID = 2161
compID = 2162
compID = 2163
compID = 2164
compID = 2165
compID = 2166
compID = 2167
compID = 2168
compID = 2169
compID = 2170
compID = 2171
compID = 2172
compID = 2173
compID = 2174
compID = 2175
compID = 2176
compID = 2177
compID = 2178
compID = 2179
compID = 2180
compID = 2181
compID = 2182
compID = 2183
compID = 2184
compID = 2185
compID = 2186
compID = 2187
compID = 2188
compID = 2189
compID = 2190
compID = 2191
compID = 2192
compID = 2193
compID = 2194
compID = 2195
compID = 2196
compID = 2197
compID = 2198
compID = 2199
compID = 2200
compID = 2201
compID = 2202
compID = 2203
compID = 2204
compID = 2205
compID = 2206
compID = 2207
compID = 2208
compID = 2209
compID = 2210
compID = 2211
compID = 2212
compID = 2213
compID = 2214
compID = 2215
compID = 2216
compID = 2217
compID = 2218
compID = 2219
compID = 2220
compID = 2221
compID = 2222
compID = 2223
compID = 2224
compID = 2225
compID = 2226
compID = 2227
compID = 2228
compID = 2229
compID = 2230
compID = 2231
compID = 2232
compID = 2233
compID = 2234
compID = 2235
compID = 2236
compID = 2237
compID = 2238
compID = 2239
compID = 2240
compID = 2241
compID = 2242
compID = 2243
compID = 2244
compID = 2245
compID = 2246
compID = 2247
compID = 2248
compID = 2249
compID = 2250
compID = 2251
compID = 2252
compID = 2253
compID = 2254
compID = 2255
compID = 2256
compID = 2257
compID = 2258
compID = 2259
compID = 2260
compID = 2261
compID = 2262
compID = 2263
compID = 2264
compID = 2265
compID = 2266
compID = 2267
compID = 2268
compID = 2269
compID = 2270
compID = 2271
compID = 2272
compID = 2273
compID = 2274
compID = 2275
compID = 2276
compID = 2277
compID = 2278
compID = 2279
compID = 2280
compID = 2281
compID = 2282
compID = 2283
compID = 2284
compID = 2285
compID = 2286
compID = 2287
compID = 2288
compID = 2289
compID = 2290
compID = 2291
compID = 2292
compID = 2293
compID = 2294
compID = 2295
compID = 2296
compID = 2297
compID = 2298
compID = 2299
compID = 2300
compID = 2301
compID = 2302
compID = 2303
compID = 2304
compID = 2305
compID = 2306
compID = 2307
compID = 2308
compID = 2309
compID = 2310
compID = 2311
compID = 2312
compID = 2313
compID = 2314
compID = 2315
compID = 2316
compID = 2317
compID = 2318
compID = 2319
compID = 2320
compID = 2321
compID = 2322
compID = 2323
compID = 2324
compID = 2325
compID = 2326
compID = 2327
compID = 2328
compID = 2329
compID = 2330
compID = 2331
compID = 2332
compID = 2333
compID = 2334
compID = 2335
compID = 2336
compID = 2337
compID = 2338
compID = 2339
compID = 2340
compID = 2341
compID = 2342
compID = 2343
compID = 2344
compID = 2345
compID = 2346
compID = 2347
compID = 2348
compID = 2349
compID = 2350
exeName = ./a
datasetPath = ../dataset/web-sk-2005.mtx
Success : Build AdjList
==============================
dataset = ../dataset/web-sk-2005.mtx
nodeNum = 121422
edgeNum = 334419
degreeOneNum = 48336
graph start with 1
==============================
==============================
CreateCSR...
csr->csrVSize = 121424
csr->csrESize = 668838
csr->degreeOneNum = 48336
csr->startAtZero = 0
csr->maxDegree = 590
[Success] CreateCSR finish
==============================
==============================
D1 Folding...Finished.
D1 node count       (|D1|)              =    66431
Hub node Count      (|Hub|)             =     6382
Ordinary node Count (|V| - |D1|)        =    54991
==============================
==============================
AP Copy and Split... Finished.
apCount         =     2855
compCount       =     2406
maxCompSize     =     1631
endNodeID       =   123158
==============================
[AP_Copy_And_Split OK]
[rebuildGraph OK]
[Check point 1]
compID = 0
compID = 1
compID = 2
compID = 3
compID = 4
compID = 5
compID = 6
compID = 7
compID = 8
compID = 9
compID = 10
compID = 11
compID = 12
compID = 13
compID = 14
compID = 15
compID = 16
compID = 17
compID = 18
compID = 19
compID = 20
compID = 21
compID = 22
compID = 23
compID = 24
compID = 25
compID = 26
compID = 27
compID = 28
compID = 29
compID = 30
compID = 31
compID = 32
compID = 33
compID = 34
compID = 35
compID = 36
compID = 37
compID = 38
compID = 39
compID = 40
compID = 41
compID = 42
compID = 43
compID = 44
compID = 45
compID = 46
compID = 47
compID = 48
compID = 49
compID = 50
compID = 51
compID = 52
compID = 53
compID = 54
compID = 55
compID = 56
compID = 57
compID = 58
compID = 59
compID = 60
compID = 61
compID = 62
compID = 63
compID = 64
compID = 65
compID = 66
compID = 67
compID = 68
compID = 69
compID = 70
compID = 71
compID = 72
compID = 73
compID = 74
compID = 75
compID = 76
compID = 77
compID = 78
compID = 79
compID = 80
compID = 81
compID = 82
compID = 83
compID = 84
compID = 85
compID = 86
compID = 87
compID = 88
compID = 89
compID = 90
compID = 91
compID = 92
compID = 93
compID = 94
compID = 95
compID = 96
compID = 97
compID = 98
compID = 99
compID = 100
compID = 101
compID = 102
compID = 103
compID = 104
compID = 105
compID = 106
compID = 107
compID = 108
compID = 109
compID = 110
compID = 111
compID = 112
compID = 113
compID = 114
compID = 115
compID = 116
compID = 117
compID = 118
compID = 119
compID = 120
compID = 121
compID = 122
compID = 123
compID = 124
compID = 125
compID = 126
compID = 127
compID = 128
compID = 129
compID = 130
compID = 131
compID = 132
compID = 133
compID = 134
compID = 135
compID = 136
compID = 137
compID = 138
compID = 139
compID = 140
compID = 141
compID = 142
compID = 143
compID = 144
compID = 145
compID = 146
compID = 147
compID = 148
compID = 149
compID = 150
compID = 151
compID = 152
compID = 153
compID = 154
compID = 155
compID = 156
compID = 157
compID = 158
compID = 159
compID = 160
compID = 161
compID = 162
compID = 163
compID = 164
compID = 165
compID = 166
compID = 167
compID = 168
compID = 169
compID = 170
compID = 171
compID = 172
compID = 173
compID = 174
compID = 175
compID = 176
compID = 177
compID = 178
compID = 179
compID = 180
compID = 181
compID = 182
compID = 183
compID = 184
compID = 185
compID = 186
compID = 187
compID = 188
compID = 189
compID = 190
compID = 191
compID = 192
compID = 193
compID = 194
compID = 195
compID = 196
compID = 197
compID = 198
compID = 199
compID = 200
compID = 201
compID = 202
compID = 203
compID = 204
compID = 205
compID = 206
compID = 207
compID = 208
compID = 209
compID = 210
compID = 211
compID = 212
compID = 213
compID = 214
compID = 215
compID = 216
compID = 217
compID = 218
compID = 219
compID = 220
compID = 221
compID = 222
compID = 223
compID = 224
compID = 225
compID = 226
compID = 227
compID = 228
compID = 229
compID = 230
compID = 231
compID = 232
compID = 233
compID = 234
compID = 235
compID = 236
compID = 237
compID = 238
compID = 239
compID = 240
compID = 241
compID = 242
compID = 243
compID = 244
compID = 245
compID = 246
compID = 247
compID = 248
compID = 249
compID = 250
compID = 251
compID = 252
compID = 253
compID = 254
compID = 255
compID = 256
compID = 257
compID = 258
compID = 259
compID = 260
compID = 261
compID = 262
compID = 263
compID = 264
compID = 265
compID = 266
compID = 267
compID = 268
compID = 269
compID = 270
compID = 271
compID = 272
compID = 273
compID = 274
compID = 275
compID = 276
compID = 277
compID = 278
compID = 279
compID = 280
compID = 281
compID = 282
compID = 283
compID = 284
compID = 285
compID = 286
compID = 287
compID = 288
compID = 289
compID = 290
compID = 291
compID = 292
compID = 293
compID = 294
compID = 295
compID = 296
compID = 297
compID = 298
compID = 299
compID = 300
compID = 301
compID = 302
compID = 303
compID = 304
compID = 305
compID = 306
compID = 307
compID = 308
compID = 309
compID = 310
compID = 311
compID = 312
compID = 313
compID = 314
compID = 315
compID = 316
compID = 317
compID = 318
compID = 319
compID = 320
compID = 321
compID = 322
compID = 323
compID = 324
compID = 325
compID = 326
compID = 327
compID = 328
compID = 329
compID = 330
compID = 331
compID = 332
compID = 333
compID = 334
compID = 335
compID = 336
compID = 337
compID = 338
compID = 339
compID = 340
compID = 341
compID = 342
compID = 343
compID = 344
compID = 345
compID = 346
compID = 347
compID = 348
compID = 349
compID = 350
compID = 351
compID = 352
compID = 353
compID = 354
compID = 355
compID = 356
compID = 357
compID = 358
compID = 359
compID = 360
compID = 361
compID = 362
compID = 363
compID = 364
compID = 365
compID = 366
compID = 367
compID = 368
compID = 369
compID = 370
compID = 371
compID = 372
compID = 373
compID = 374
compID = 375
compID = 376
compID = 377
compID = 378
compID = 379
compID = 380
compID = 381
compID = 382
compID = 383
compID = 384
compID = 385
compID = 386
compID = 387
compID = 388
compID = 389
compID = 390
compID = 391
compID = 392
compID = 393
compID = 394
compID = 395
compID = 396
compID = 397
compID = 398
compID = 399
compID = 400
compID = 401
compID = 402
compID = 403
compID = 404
compID = 405
compID = 406
compID = 407
compID = 408
compID = 409
compID = 410
compID = 411
compID = 412
compID = 413
compID = 414
compID = 415
compID = 416
compID = 417
compID = 418
compID = 419
compID = 420
compID = 421
compID = 422
compID = 423
compID = 424
compID = 425
compID = 426
compID = 427
compID = 428
compID = 429
compID = 430
compID = 431
compID = 432
compID = 433
compID = 434
compID = 435
compID = 436
compID = 437
compID = 438
compID = 439
compID = 440
compID = 441
compID = 442
compID = 443
compID = 444
compID = 445
compID = 446
compID = 447
compID = 448
compID = 449
compID = 450
compID = 451
compID = 452
compID = 453
compID = 454
compID = 455
compID = 456
compID = 457
compID = 458
compID = 459
compID = 460
compID = 461
compID = 462
compID = 463
compID = 464
compID = 465
compID = 466
compID = 467
compID = 468
compID = 469
compID = 470
compID = 471
compID = 472
compID = 473
compID = 474
compID = 475
compID = 476
compID = 477
compID = 478
compID = 479
compID = 480
compID = 481
compID = 482
compID = 483
compID = 484
compID = 485
compID = 486
compID = 487
compID = 488
compID = 489
compID = 490
compID = 491
compID = 492
compID = 493
compID = 494
compID = 495
compID = 496
compID = 497
compID = 498
compID = 499
compID = 500
compID = 501
compID = 502
compID = 503
compID = 504
compID = 505
compID = 506
compID = 507
compID = 508
compID = 509
compID = 510
compID = 511
compID = 512
compID = 513
compID = 514
compID = 515
compID = 516
compID = 517
compID = 518
compID = 519
compID = 520
compID = 521
compID = 522
compID = 523
compID = 524
compID = 525
compID = 526
compID = 527
compID = 528
compID = 529
compID = 530
compID = 531
compID = 532
compID = 533
compID = 534
compID = 535
compID = 536
compID = 537
compID = 538
compID = 539
compID = 540
compID = 541
compID = 542
compID = 543
compID = 544
compID = 545
compID = 546
compID = 547
compID = 548
compID = 549
compID = 550
compID = 551
compID = 552
compID = 553
compID = 554
compID = 555
compID = 556
compID = 557
compID = 558
compID = 559
compID = 560
compID = 561
compID = 562
compID = 563
compID = 564
compID = 565
compID = 566
compID = 567
compID = 568
compID = 569
compID = 570
compID = 571
compID = 572
compID = 573
compID = 574
compID = 575
compID = 576
compID = 577
compID = 578
compID = 579
compID = 580
compID = 581
compID = 582
compID = 583
compID = 584
compID = 585
compID = 586
compID = 587
compID = 588
compID = 589
compID = 590
compID = 591
compID = 592
compID = 593
compID = 594
compID = 595
compID = 596
compID = 597
compID = 598
compID = 599
compID = 600
compID = 601
compID = 602
compID = 603
compID = 604
compID = 605
compID = 606
compID = 607
compID = 608
compID = 609
compID = 610
compID = 611
compID = 612
compID = 613
compID = 614
compID = 615
compID = 616
compID = 617
compID = 618
compID = 619
compID = 620
compID = 621
compID = 622
compID = 623
compID = 624
compID = 625
compID = 626
compID = 627
compID = 628
compID = 629
compID = 630
compID = 631
compID = 632
compID = 633
compID = 634
compID = 635
compID = 636
compID = 637
compID = 638
compID = 639
compID = 640
compID = 641
compID = 642
compID = 643
compID = 644
compID = 645
compID = 646
compID = 647
compID = 648
compID = 649
compID = 650
compID = 651
compID = 652
compID = 653
compID = 654
compID = 655
compID = 656
compID = 657
compID = 658
compID = 659
compID = 660
compID = 661
compID = 662
compID = 663
compID = 664
compID = 665
compID = 666
compID = 667
compID = 668
compID = 669
compID = 670
compID = 671
compID = 672
compID = 673
compID = 674
compID = 675
compID = 676
compID = 677
compID = 678
compID = 679
compID = 680
compID = 681
compID = 682
compID = 683
compID = 684
compID = 685
compID = 686
compID = 687
compID = 688
compID = 689
compID = 690
compID = 691
compID = 692
compID = 693
compID = 694
compID = 695
compID = 696
compID = 697
compID = 698
compID = 699
compID = 700
compID = 701
compID = 702
compID = 703
compID = 704
compID = 705
compID = 706
compID = 707
compID = 708
compID = 709
compID = 710
compID = 711
compID = 712
compID = 713
compID = 714
compID = 715
compID = 716
compID = 717
compID = 718
compID = 719
compID = 720
compID = 721
compID = 722
compID = 723
compID = 724
compID = 725
compID = 726
compID = 727
compID = 728
compID = 729
compID = 730
compID = 731
compID = 732
compID = 733
compID = 734
compID = 735
compID = 736
compID = 737
compID = 738
compID = 739
compID = 740
compID = 741
compID = 742
compID = 743
compID = 744
compID = 745
compID = 746
compID = 747
compID = 748
compID = 749
compID = 750
compID = 751
compID = 752
compID = 753
compID = 754
compID = 755
compID = 756
compID = 757
compID = 758
compID = 759
compID = 760
compID = 761
compID = 762
compID = 763
compID = 764
compID = 765
compID = 766
compID = 767
compID = 768
compID = 769
compID = 770
compID = 771
compID = 772
compID = 773
compID = 774
compID = 775
compID = 776
compID = 777
compID = 778
compID = 779
compID = 780
compID = 781
compID = 782
compID = 783
compID = 784
compID = 785
compID = 786
compID = 787
compID = 788
compID = 789
compID = 790
compID = 791
compID = 792
compID = 793
compID = 794
compID = 795
compID = 796
compID = 797
compID = 798
compID = 799
compID = 800
compID = 801
compID = 802
compID = 803
compID = 804
compID = 805
compID = 806
compID = 807
compID = 808
compID = 809
compID = 810
compID = 811
compID = 812
compID = 813
compID = 814
compID = 815
compID = 816
compID = 817
compID = 818
compID = 819
compID = 820
compID = 821
compID = 822
compID = 823
compID = 824
compID = 825
compID = 826
compID = 827
compID = 828
compID = 829
compID = 830
compID = 831
compID = 832
compID = 833
compID = 834
compID = 835
compID = 836
compID = 837
compID = 838
compID = 839
compID = 840
compID = 841
compID = 842
compID = 843
compID = 844
compID = 845
compID = 846
compID = 847
compID = 848
compID = 849
compID = 850
compID = 851
compID = 852
compID = 853
compID = 854
compID = 855
compID = 856
compID = 857
compID = 858
compID = 859
compID = 860
compID = 861
compID = 862
compID = 863
compID = 864
compID = 865
compID = 866
compID = 867
compID = 868
compID = 869
compID = 870
compID = 871
compID = 872
compID = 873
compID = 874
compID = 875
compID = 876
compID = 877
compID = 878
compID = 879
compID = 880
compID = 881
compID = 882
compID = 883
compID = 884
compID = 885
compID = 886
compID = 887
compID = 888
compID = 889
compID = 890
compID = 891
compID = 892
compID = 893
compID = 894
compID = 895
compID = 896
compID = 897
compID = 898
compID = 899
compID = 900
compID = 901
compID = 902
compID = 903
compID = 904
compID = 905
compID = 906
compID = 907
compID = 908
compID = 909
compID = 910
compID = 911
compID = 912
compID = 913
compID = 914
compID = 915
compID = 916
compID = 917
compID = 918
compID = 919
compID = 920
compID = 921
compID = 922
compID = 923
compID = 924
compID = 925
compID = 926
compID = 927
compID = 928
compID = 929
compID = 930
compID = 931
compID = 932
compID = 933
compID = 934
compID = 935
compID = 936
compID = 937
compID = 938
compID = 939
compID = 940
compID = 941
compID = 942
compID = 943
compID = 944
compID = 945
compID = 946
compID = 947
compID = 948
compID = 949
compID = 950
compID = 951
compID = 952
compID = 953
compID = 954
compID = 955
compID = 956
compID = 957
compID = 958
compID = 959
compID = 960
compID = 961
compID = 962
compID = 963
compID = 964
compID = 965
compID = 966
compID = 967
compID = 968
compID = 969
compID = 970
compID = 971
compID = 972
compID = 973
compID = 974
compID = 975
compID = 976
compID = 977
compID = 978
compID = 979
compID = 980
compID = 981
compID = 982
compID = 983
compID = 984
compID = 985
compID = 986
compID = 987
compID = 988
compID = 989
compID = 990
compID = 991
compID = 992
compID = 993
compID = 994
compID = 995
compID = 996
compID = 997
compID = 998
compID = 999
compID = 1000
compID = 1001
compID = 1002
compID = 1003
compID = 1004
compID = 1005
compID = 1006
compID = 1007
compID = 1008
compID = 1009
compID = 1010
compID = 1011
compID = 1012
compID = 1013
compID = 1014
compID = 1015
compID = 1016
compID = 1017
compID = 1018
compID = 1019
compID = 1020
compID = 1021
compID = 1022
compID = 1023
compID = 1024
compID = 1025
compID = 1026
compID = 1027
compID = 1028
compID = 1029
compID = 1030
compID = 1031
compID = 1032
compID = 1033
compID = 1034
compID = 1035
compID = 1036
compID = 1037
compID = 1038
compID = 1039
compID = 1040
compID = 1041
compID = 1042
compID = 1043
compID = 1044
compID = 1045
compID = 1046
compID = 1047
compID = 1048
compID = 1049
compID = 1050
compID = 1051
compID = 1052
compID = 1053
compID = 1054
compID = 1055
compID = 1056
compID = 1057
compID = 1058
compID = 1059
compID = 1060
compID = 1061
compID = 1062
compID = 1063
compID = 1064
compID = 1065
compID = 1066
compID = 1067
compID = 1068
compID = 1069
compID = 1070
compID = 1071
compID = 1072
compID = 1073
compID = 1074
compID = 1075
compID = 1076
compID = 1077
compID = 1078
compID = 1079
compID = 1080
compID = 1081
compID = 1082
compID = 1083
compID = 1084
compID = 1085
compID = 1086
compID = 1087
compID = 1088
compID = 1089
compID = 1090
compID = 1091
compID = 1092
compID = 1093
compID = 1094
compID = 1095
compID = 1096
compID = 1097
compID = 1098
compID = 1099
compID = 1100
compID = 1101
compID = 1102
compID = 1103
compID = 1104
compID = 1105
compID = 1106
compID = 1107
compID = 1108
compID = 1109
compID = 1110
compID = 1111
compID = 1112
compID = 1113
compID = 1114
compID = 1115
compID = 1116
compID = 1117
compID = 1118
compID = 1119
compID = 1120
compID = 1121
compID = 1122
compID = 1123
compID = 1124
compID = 1125
compID = 1126
compID = 1127
compID = 1128
compID = 1129
compID = 1130
compID = 1131
compID = 1132
compID = 1133
compID = 1134
compID = 1135
compID = 1136
compID = 1137
compID = 1138
compID = 1139
compID = 1140
compID = 1141
compID = 1142
compID = 1143
compID = 1144
compID = 1145
compID = 1146
compID = 1147
compID = 1148
compID = 1149
compID = 1150
compID = 1151
compID = 1152
compID = 1153
compID = 1154
compID = 1155
compID = 1156
compID = 1157
compID = 1158
compID = 1159
compID = 1160
compID = 1161
compID = 1162
compID = 1163
compID = 1164
compID = 1165
compID = 1166
compID = 1167
compID = 1168
compID = 1169
compID = 1170
compID = 1171
compID = 1172
compID = 1173
compID = 1174
compID = 1175
compID = 1176
compID = 1177
compID = 1178
compID = 1179
compID = 1180
compID = 1181
compID = 1182
compID = 1183
compID = 1184
compID = 1185
compID = 1186
compID = 1187
compID = 1188
compID = 1189
compID = 1190
compID = 1191
compID = 1192
compID = 1193
compID = 1194
compID = 1195
compID = 1196
compID = 1197
compID = 1198
compID = 1199
compID = 1200
compID = 1201
compID = 1202
compID = 1203
compID = 1204
compID = 1205
compID = 1206
compID = 1207
compID = 1208
compID = 1209
compID = 1210
compID = 1211
compID = 1212
compID = 1213
compID = 1214
compID = 1215
compID = 1216
compID = 1217
compID = 1218
compID = 1219
compID = 1220
compID = 1221
compID = 1222
compID = 1223
compID = 1224
compID = 1225
compID = 1226
compID = 1227
compID = 1228
compID = 1229
compID = 1230
compID = 1231
compID = 1232
compID = 1233
compID = 1234
compID = 1235
compID = 1236
compID = 1237
compID = 1238
compID = 1239
compID = 1240
compID = 1241
compID = 1242
compID = 1243
compID = 1244
compID = 1245
compID = 1246
compID = 1247
compID = 1248
compID = 1249
compID = 1250
compID = 1251
compID = 1252
compID = 1253
compID = 1254
compID = 1255
compID = 1256
compID = 1257
compID = 1258
compID = 1259
compID = 1260
compID = 1261
compID = 1262
compID = 1263
compID = 1264
compID = 1265
compID = 1266
compID = 1267
compID = 1268
compID = 1269
compID = 1270
compID = 1271
compID = 1272
compID = 1273
compID = 1274
compID = 1275
compID = 1276
compID = 1277
compID = 1278
compID = 1279
compID = 1280
compID = 1281
compID = 1282
compID = 1283
compID = 1284
compID = 1285
compID = 1286
compID = 1287
compID = 1288
compID = 1289
compID = 1290
compID = 1291
compID = 1292
compID = 1293
compID = 1294
compID = 1295
compID = 1296
compID = 1297
compID = 1298
compID = 1299
compID = 1300
compID = 1301
compID = 1302
compID = 1303
compID = 1304
compID = 1305
compID = 1306
compID = 1307
compID = 1308
compID = 1309
compID = 1310
compID = 1311
compID = 1312
compID = 1313
compID = 1314
compID = 1315
compID = 1316
compID = 1317
compID = 1318
compID = 1319
compID = 1320
compID = 1321
compID = 1322
compID = 1323
compID = 1324
compID = 1325
compID = 1326
compID = 1327
compID = 1328
compID = 1329
compID = 1330
compID = 1331
compID = 1332
compID = 1333
compID = 1334
compID = 1335
compID = 1336
compID = 1337
compID = 1338
compID = 1339
compID = 1340
compID = 1341
compID = 1342
compID = 1343
compID = 1344
compID = 1345
compID = 1346
compID = 1347
compID = 1348
compID = 1349
compID = 1350
compID = 1351
compID = 1352
compID = 1353
compID = 1354
compID = 1355
compID = 1356
compID = 1357
compID = 1358
compID = 1359
compID = 1360
compID = 1361
compID = 1362
compID = 1363
compID = 1364
compID = 1365
compID = 1366
compID = 1367
compID = 1368
compID = 1369
compID = 1370
compID = 1371
compID = 1372
compID = 1373
compID = 1374
compID = 1375
compID = 1376
compID = 1377
compID = 1378
compID = 1379
compID = 1380
compID = 1381
compID = 1382
compID = 1383
compID = 1384
compID = 1385
compID = 1386
compID = 1387
compID = 1388
compID = 1389
compID = 1390
compID = 1391
compID = 1392
compID = 1393
compID = 1394
compID = 1395
compID = 1396
compID = 1397
compID = 1398
compID = 1399
compID = 1400
compID = 1401
compID = 1402
compID = 1403
compID = 1404
compID = 1405
compID = 1406
compID = 1407
compID = 1408
compID = 1409
compID = 1410
compID = 1411
compID = 1412
compID = 1413
compID = 1414
compID = 1415
compID = 1416
compID = 1417
compID = 1418
compID = 1419
compID = 1420
compID = 1421
compID = 1422
compID = 1423
compID = 1424
compID = 1425
compID = 1426
compID = 1427
compID = 1428
compID = 1429
compID = 1430
compID = 1431
compID = 1432
compID = 1433
compID = 1434
compID = 1435
compID = 1436
compID = 1437
compID = 1438
compID = 1439
compID = 1440
compID = 1441
compID = 1442
compID = 1443
compID = 1444
compID = 1445
compID = 1446
compID = 1447
compID = 1448
compID = 1449
compID = 1450
compID = 1451
compID = 1452
compID = 1453
compID = 1454
compID = 1455
compID = 1456
compID = 1457
compID = 1458
compID = 1459
compID = 1460
compID = 1461
compID = 1462
compID = 1463
compID = 1464
compID = 1465
compID = 1466
compID = 1467
compID = 1468
compID = 1469
compID = 1470
compID = 1471
compID = 1472
compID = 1473
compID = 1474
compID = 1475
compID = 1476
compID = 1477
compID = 1478
compID = 1479
compID = 1480
compID = 1481
compID = 1482
compID = 1483
compID = 1484
compID = 1485
compID = 1486
compID = 1487
compID = 1488
compID = 1489
compID = 1490
compID = 1491
compID = 1492
compID = 1493
compID = 1494
compID = 1495
compID = 1496
compID = 1497
compID = 1498
compID = 1499
compID = 1500
compID = 1501
compID = 1502
compID = 1503
compID = 1504
compID = 1505
compID = 1506
compID = 1507
compID = 1508
compID = 1509
compID = 1510
compID = 1511
compID = 1512
compID = 1513
compID = 1514
compID = 1515
compID = 1516
compID = 1517
compID = 1518
compID = 1519
compID = 1520
compID = 1521
compID = 1522
compID = 1523
compID = 1524
compID = 1525
compID = 1526
compID = 1527
compID = 1528
compID = 1529
compID = 1530
compID = 1531
compID = 1532
compID = 1533
compID = 1534
compID = 1535
compID = 1536
compID = 1537
compID = 1538
compID = 1539
compID = 1540
compID = 1541
compID = 1542
compID = 1543
compID = 1544
compID = 1545
compID = 1546
compID = 1547
compID = 1548
compID = 1549
compID = 1550
compID = 1551
compID = 1552
compID = 1553
compID = 1554
compID = 1555
compID = 1556
compID = 1557
compID = 1558
compID = 1559
compID = 1560
compID = 1561
compID = 1562
compID = 1563
compID = 1564
compID = 1565
compID = 1566
compID = 1567
compID = 1568
compID = 1569
compID = 1570
compID = 1571
compID = 1572
compID = 1573
compID = 1574
compID = 1575
compID = 1576
compID = 1577
compID = 1578
compID = 1579
compID = 1580
compID = 1581
compID = 1582
compID = 1583
compID = 1584
compID = 1585
compID = 1586
compID = 1587
compID = 1588
compID = 1589
compID = 1590
compID = 1591
compID = 1592
compID = 1593
compID = 1594
compID = 1595
compID = 1596
compID = 1597
compID = 1598
compID = 1599
compID = 1600
compID = 1601
compID = 1602
compID = 1603
compID = 1604
compID = 1605
compID = 1606
compID = 1607
compID = 1608
compID = 1609
compID = 1610
compID = 1611
compID = 1612
compID = 1613
compID = 1614
compID = 1615
compID = 1616
compID = 1617
compID = 1618
compID = 1619
compID = 1620
compID = 1621
compID = 1622
compID = 1623
compID = 1624
compID = 1625
compID = 1626
compID = 1627
compID = 1628
compID = 1629
compID = 1630
compID = 1631
compID = 1632
compID = 1633
compID = 1634
compID = 1635
compID = 1636
compID = 1637
compID = 1638
compID = 1639
compID = 1640
compID = 1641
compID = 1642
compID = 1643
compID = 1644
compID = 1645
compID = 1646
compID = 1647
compID = 1648
compID = 1649
compID = 1650
compID = 1651
compID = 1652
compID = 1653
compID = 1654
compID = 1655
compID = 1656
compID = 1657
compID = 1658
compID = 1659
compID = 1660
compID = 1661
compID = 1662
compID = 1663
compID = 1664
compID = 1665
compID = 1666
compID = 1667
compID = 1668
compID = 1669
compID = 1670
compID = 1671
compID = 1672
compID = 1673
compID = 1674
compID = 1675
compID = 1676
compID = 1677
compID = 1678
compID = 1679
compID = 1680
compID = 1681
compID = 1682
compID = 1683
compID = 1684
compID = 1685
compID = 1686
compID = 1687
compID = 1688
compID = 1689
compID = 1690
compID = 1691
compID = 1692
compID = 1693
compID = 1694
compID = 1695
compID = 1696
compID = 1697
compID = 1698
compID = 1699
compID = 1700
compID = 1701
compID = 1702
compID = 1703
compID = 1704
compID = 1705
compID = 1706
compID = 1707
compID = 1708
compID = 1709
compID = 1710
compID = 1711
compID = 1712
compID = 1713
compID = 1714
compID = 1715
compID = 1716
compID = 1717
compID = 1718
compID = 1719
compID = 1720
compID = 1721
compID = 1722
compID = 1723
compID = 1724
compID = 1725
compID = 1726
compID = 1727
compID = 1728
compID = 1729
compID = 1730
compID = 1731
compID = 1732
compID = 1733
compID = 1734
compID = 1735
compID = 1736
compID = 1737
compID = 1738
compID = 1739
compID = 1740
compID = 1741
compID = 1742
compID = 1743
compID = 1744
compID = 1745
compID = 1746
compID = 1747
compID = 1748
compID = 1749
compID = 1750
compID = 1751
compID = 1752
compID = 1753
compID = 1754
compID = 1755
compID = 1756
compID = 1757
compID = 1758
compID = 1759
compID = 1760
compID = 1761
compID = 1762
compID = 1763
compID = 1764
compID = 1765
compID = 1766
compID = 1767
compID = 1768
compID = 1769
compID = 1770
compID = 1771
compID = 1772
compID = 1773
compID = 1774
compID = 1775
compID = 1776
compID = 1777
compID = 1778
compID = 1779
compID = 1780
compID = 1781
compID = 1782
compID = 1783
compID = 1784
compID = 1785
compID = 1786
compID = 1787
compID = 1788
compID = 1789
compID = 1790
compID = 1791
compID = 1792
compID = 1793
compID = 1794
compID = 1795
compID = 1796
compID = 1797
compID = 1798
compID = 1799
compID = 1800
compID = 1801
compID = 1802
compID = 1803
compID = 1804
compID = 1805
compID = 1806
compID = 1807
compID = 1808
compID = 1809
compID = 1810
compID = 1811
compID = 1812
compID = 1813
compID = 1814
compID = 1815
compID = 1816
compID = 1817
compID = 1818
compID = 1819
compID = 1820
compID = 1821
compID = 1822
compID = 1823
compID = 1824
compID = 1825
compID = 1826
compID = 1827
compID = 1828
compID = 1829
compID = 1830
compID = 1831
compID = 1832
compID = 1833
compID = 1834
compID = 1835
compID = 1836
compID = 1837
compID = 1838
compID = 1839
compID = 1840
compID = 1841
compID = 1842
compID = 1843
compID = 1844
compID = 1845
compID = 1846
compID = 1847
compID = 1848
compID = 1849
compID = 1850
compID = 1851
compID = 1852
compID = 1853
compID = 1854
compID = 1855
compID = 1856
compID = 1857
compID = 1858
compID = 1859
compID = 1860
compID = 1861
compID = 1862
compID = 1863
compID = 1864
compID = 1865
compID = 1866
compID = 1867
compID = 1868
compID = 1869
compID = 1870
compID = 1871
compID = 1872
compID = 1873
compID = 1874
compID = 1875
compID = 1876
compID = 1877
compID = 1878
compID = 1879
compID = 1880
compID = 1881
compID = 1882
compID = 1883
compID = 1884
compID = 1885
compID = 1886
compID = 1887
compID = 1888
compID = 1889
compID = 1890
compID = 1891
compID = 1892
compID = 1893
compID = 1894
compID = 1895
compID = 1896
compID = 1897
compID = 1898
compID = 1899
compID = 1900
compID = 1901
compID = 1902
compID = 1903
compID = 1904
compID = 1905
compID = 1906
compID = 1907
compID = 1908
compID = 1909
compID = 1910
compID = 1911
compID = 1912
compID = 1913
compID = 1914
compID = 1915
compID = 1916
compID = 1917
compID = 1918
compID = 1919
compID = 1920
compID = 1921
compID = 1922
compID = 1923
compID = 1924
compID = 1925
compID = 1926
compID = 1927
compID = 1928
compID = 1929
compID = 1930
compID = 1931
compID = 1932
compID = 1933
compID = 1934
compID = 1935
compID = 1936
compID = 1937
compID = 1938
compID = 1939
compID = 1940
compID = 1941
compID = 1942
compID = 1943
compID = 1944
compID = 1945
compID = 1946
compID = 1947
compID = 1948
compID = 1949
compID = 1950
compID = 1951
compID = 1952
compID = 1953
compID = 1954
compID = 1955
compID = 1956
compID = 1957
compID = 1958
compID = 1959
compID = 1960
compID = 1961
compID = 1962
compID = 1963
compID = 1964
compID = 1965
compID = 1966
compID = 1967
compID = 1968
compID = 1969
compID = 1970
compID = 1971
compID = 1972
compID = 1973
compID = 1974
compID = 1975
compID = 1976
compID = 1977
compID = 1978
compID = 1979
compID = 1980
compID = 1981
compID = 1982
compID = 1983
compID = 1984
compID = 1985
compID = 1986
compID = 1987
compID = 1988
compID = 1989
compID = 1990
compID = 1991
compID = 1992
compID = 1993
compID = 1994
compID = 1995
compID = 1996
compID = 1997
compID = 1998
compID = 1999
compID = 2000
compID = 2001
compID = 2002
compID = 2003
compID = 2004
compID = 2005
compID = 2006
compID = 2007
compID = 2008
compID = 2009
compID = 2010
compID = 2011
compID = 2012
compID = 2013
compID = 2014
compID = 2015
compID = 2016
compID = 2017
compID = 2018
compID = 2019
compID = 2020
compID = 2021
compID = 2022
compID = 2023
compID = 2024
compID = 2025
compID = 2026
compID = 2027
compID = 2028
compID = 2029
compID = 2030
compID = 2031
compID = 2032
compID = 2033
compID = 2034
compID = 2035
compID = 2036
compID = 2037
compID = 2038
compID = 2039
compID = 2040
compID = 2041
compID = 2042
compID = 2043
compID = 2044
compID = 2045
compID = 2046
compID = 2047
compID = 2048
compID = 2049
compID = 2050
compID = 2051
compID = 2052
compID = 2053
compID = 2054
compID = 2055
compID = 2056
compID = 2057
compID = 2058
compID = 2059
compID = 2060
compID = 2061
compID = 2062
compID = 2063
compID = 2064
compID = 2065
compID = 2066
compID = 2067
compID = 2068
compID = 2069
compID = 2070
compID = 2071
compID = 2072
compID = 2073
compID = 2074
compID = 2075
compID = 2076
compID = 2077
compID = 2078
compID = 2079
compID = 2080
compID = 2081
compID = 2082
compID = 2083
compID = 2084
compID = 2085
compID = 2086
compID = 2087
compID = 2088
compID = 2089
compID = 2090
compID = 2091
compID = 2092
compID = 2093
compID = 2094
compID = 2095
compID = 2096
compID = 2097
compID = 2098
compID = 2099
compID = 2100
compID = 2101
compID = 2102
compID = 2103
compID = 2104
compID = 2105
compID = 2106
compID = 2107
compID = 2108
compID = 2109
compID = 2110
compID = 2111
compID = 2112
compID = 2113
compID = 2114
compID = 2115
compID = 2116
compID = 2117
compID = 2118
compID = 2119
compID = 2120
compID = 2121
compID = 2122
compID = 2123
compID = 2124
compID = 2125
compID = 2126
compID = 2127
compID = 2128
compID = 2129
compID = 2130
compID = 2131
compID = 2132
compID = 2133
compID = 2134
compID = 2135
compID = 2136
compID = 2137
compID = 2138
compID = 2139
compID = 2140
compID = 2141
compID = 2142
compID = 2143
compID = 2144
compID = 2145
compID = 2146
compID = 2147
compID = 2148
compID = 2149
compID = 2150
compID = 2151
compID = 2152
compID = 2153
compID = 2154
compID = 2155
compID = 2156
compID = 2157
compID = 2158
compID = 2159
compID = 2160
compID = 2161
compID = 2162
compID = 2163
compID = 2164
compID = 2165
compID = 2166
compID = 2167
compID = 2168
compID = 2169
compID = 2170
compID = 2171
compID = 2172
compID = 2173
compID = 2174
compID = 2175
compID = 2176
compID = 2177
compID = 2178
compID = 2179
compID = 2180
compID = 2181
compID = 2182
compID = 2183
compID = 2184
compID = 2185
compID = 2186
compID = 2187
compID = 2188
compID = 2189
compID = 2190
compID = 2191
compID = 2192
compID = 2193
compID = 2194
compID = 2195
compID = 2196
compID = 2197
compID = 2198
compID = 2199
compID = 2200
compID = 2201
compID = 2202
compID = 2203
compID = 2204
compID = 2205
compID = 2206
compID = 2207
compID = 2208
compID = 2209
compID = 2210
compID = 2211
compID = 2212
compID = 2213
compID = 2214
compID = 2215
compID = 2216
compID = 2217
compID = 2218
compID = 2219
compID = 2220
compID = 2221
compID = 2222
compID = 2223
compID = 2224
compID = 2225
compID = 2226
compID = 2227
compID = 2228
compID = 2229
compID = 2230
compID = 2231
compID = 2232
compID = 2233
compID = 2234
compID = 2235
compID = 2236
compID = 2237
compID = 2238
compID = 2239
compID = 2240
compID = 2241
compID = 2242
compID = 2243
compID = 2244
compID = 2245
compID = 2246
compID = 2247
compID = 2248
compID = 2249
compID = 2250
compID = 2251
compID = 2252
compID = 2253
compID = 2254
compID = 2255
compID = 2256
compID = 2257
compID = 2258
compID = 2259
compID = 2260
compID = 2261
compID = 2262
compID = 2263
compID = 2264
compID = 2265
compID = 2266
compID = 2267
compID = 2268
compID = 2269
compID = 2270
compID = 2271
compID = 2272
compID = 2273
compID = 2274
compID = 2275
compID = 2276
compID = 2277
compID = 2278
compID = 2279
compID = 2280
compID = 2281
compID = 2282
compID = 2283
compID = 2284
compID = 2285
compID = 2286
compID = 2287
compID = 2288
compID = 2289
compID = 2290
compID = 2291
compID = 2292
compID = 2293
compID = 2294
compID = 2295
compID = 2296
compID = 2297
compID = 2298
compID = 2299
compID = 2300
compID = 2301
compID = 2302
compID = 2303
compID = 2304
compID = 2305
compID = 2306
compID = 2307
compID = 2308
compID = 2309
compID = 2310
compID = 2311
compID = 2312
compID = 2313
compID = 2314
compID = 2315
compID = 2316
compID = 2317
compID = 2318
compID = 2319
compID = 2320
compID = 2321
compID = 2322
compID = 2323
compID = 2324
compID = 2325
compID = 2326
compID = 2327
compID = 2328
compID = 2329
compID = 2330
compID = 2331
compID = 2332
compID = 2333
compID = 2334
compID = 2335
compID = 2336
compID = 2337
compID = 2338
compID = 2339
compID = 2340
compID = 2341
compID = 2342
compID = 2343
compID = 2344
compID = 2345
compID = 2346
compID = 2347
compID = 2348
compID = 2349
compID = 2350
compID = 2351
compID = 2352
compID = 2353
compID = 2354
compID = 2355
compID = 2356
compID = 2357
compID = 2358
compID = 2359
compID = 2360
compID = 2361
compID = 2362
compID = 2363
compID = 2364
compID = 2365
compID = 2366
compID = 2367
compID = 2368
compID = 2369
compID = 2370
compID = 2371
compID = 2372
compID = 2373
compID = 2374
compID = 2375
compID = 2376
compID = 2377
compID = 2378
compID = 2379
compID = 2380
compID = 2381
compID = 2382
compID = 2383
compID = 2384
compID = 2385
compID = 2386
compID = 2387
compID = 2388
compID = 2389
compID = 2390
compID = 2391
compID = 2392
compID = 2393
compID = 2394
compID = 2395
compID = 2396
compID = 2397
compID = 2398
compID = 2399
compID = 2400
compID = 2401
compID = 2402
compID = 2403
compID = 2404
compID = 2405
compID = 2406
compID = 2407
compID = 2408
compID = 2409
compID = 2410
compID = 2411
compID = 2412
compID = 2413
compID = 2414
compID = 2415
compID = 2416
compID = 2417
compID = 2418
compID = 2419
compID = 2420
compID = 2421
compID = 2422
compID = 2423
compID = 2424
compID = 2425
compID = 2426
compID = 2427
compID = 2428
compID = 2429
compID = 2430
compID = 2431
compID = 2432
compID = 2433
compID = 2434
compID = 2435
compID = 2436
compID = 2437
compID = 2438
compID = 2439
compID = 2440
compID = 2441
compID = 2442
compID = 2443
compID = 2444
compID = 2445
compID = 2446
compID = 2447
compID = 2448
compID = 2449
compID = 2450
compID = 2451
compID = 2452
compID = 2453
compID = 2454
compID = 2455
compID = 2456
compID = 2457
compID = 2458
compID = 2459
compID = 2460
compID = 2461
compID = 2462
compID = 2463
compID = 2464
compID = 2465
compID = 2466
compID = 2467
compID = 2468
compID = 2469
compID = 2470
compID = 2471
compID = 2472
compID = 2473
compID = 2474
compID = 2475
compID = 2476
compID = 2477
compID = 2478
compID = 2479
compID = 2480
compID = 2481
compID = 2482
compID = 2483
compID = 2484
compID = 2485
compID = 2486
compID = 2487
compID = 2488
compID = 2489
compID = 2490
compID = 2491
compID = 2492
compID = 2493
compID = 2494
compID = 2495
compID = 2496
compID = 2497
compID = 2498
compID = 2499
compID = 2500
compID = 2501
compID = 2502
compID = 2503
compID = 2504
compID = 2505
compID = 2506
compID = 2507
compID = 2508
compID = 2509
compID = 2510
compID = 2511
compID = 2512
compID = 2513
compID = 2514
compID = 2515
compID = 2516
compID = 2517
compID = 2518
compID = 2519
compID = 2520
compID = 2521
compID = 2522
compID = 2523
compID = 2524
compID = 2525
compID = 2526
compID = 2527
compID = 2528
compID = 2529
compID = 2530
compID = 2531
compID = 2532
compID = 2533
compID = 2534
compID = 2535
compID = 2536
compID = 2537
compID = 2538
compID = 2539
compID = 2540
compID = 2541
compID = 2542
compID = 2543
compID = 2544
compID = 2545
compID = 2546
compID = 2547
compID = 2548
compID = 2549
compID = 2550
compID = 2551
compID = 2552
compID = 2553
compID = 2554
compID = 2555
compID = 2556
compID = 2557
compID = 2558
compID = 2559
compID = 2560
compID = 2561
compID = 2562
compID = 2563
compID = 2564
compID = 2565
compID = 2566
compID = 2567
compID = 2568
compID = 2569
compID = 2570
compID = 2571
compID = 2572
compID = 2573
compID = 2574
compID = 2575
compID = 2576
compID = 2577
compID = 2578
compID = 2579
compID = 2580
compID = 2581
compID = 2582
compID = 2583
compID = 2584
compID = 2585
compID = 2586
compID = 2587
compID = 2588
compID = 2589
compID = 2590
compID = 2591
compID = 2592
compID = 2593
[Check Point 2]

D1_AP_CC_shareBasedTime = 0.818812
